[2026-03-14T12:37:57.130+0000] {processor.py:186} INFO - Started process (PID=186) to work on /opt/airflow/dags/delta_vacuum_dynamic.py
[2026-03-14T12:37:57.131+0000] {processor.py:914} INFO - Processing file /opt/airflow/dags/delta_vacuum_dynamic.py for tasks to queue
[2026-03-14T12:37:57.134+0000] {logging_mixin.py:190} INFO - [2026-03-14T12:37:57.134+0000] {dagbag.py:588} INFO - Filling up the DagBag from /opt/airflow/dags/delta_vacuum_dynamic.py
[2026-03-14T12:37:57.160+0000] {processor.py:925} INFO - DAG(s) 'delta_vacuum_dynamic' retrieved from /opt/airflow/dags/delta_vacuum_dynamic.py
[2026-03-14T12:37:57.535+0000] {logging_mixin.py:190} INFO - [2026-03-14T12:37:57.534+0000] {override.py:1912} INFO - Created Permission View: can edit on DAG:delta_vacuum_dynamic
[2026-03-14T12:37:57.548+0000] {logging_mixin.py:190} INFO - [2026-03-14T12:37:57.548+0000] {override.py:1912} INFO - Created Permission View: can read on DAG:delta_vacuum_dynamic
[2026-03-14T12:37:57.559+0000] {logging_mixin.py:190} INFO - [2026-03-14T12:37:57.558+0000] {override.py:1912} INFO - Created Permission View: can delete on DAG:delta_vacuum_dynamic
[2026-03-14T12:37:57.570+0000] {logging_mixin.py:190} INFO - [2026-03-14T12:37:57.569+0000] {override.py:1912} INFO - Created Permission View: can create on DAG Run:delta_vacuum_dynamic
[2026-03-14T12:37:57.581+0000] {logging_mixin.py:190} INFO - [2026-03-14T12:37:57.580+0000] {override.py:1912} INFO - Created Permission View: can read on DAG Run:delta_vacuum_dynamic
[2026-03-14T12:37:57.591+0000] {logging_mixin.py:190} INFO - [2026-03-14T12:37:57.591+0000] {override.py:1912} INFO - Created Permission View: can delete on DAG Run:delta_vacuum_dynamic
[2026-03-14T12:37:57.599+0000] {logging_mixin.py:190} INFO - [2026-03-14T12:37:57.599+0000] {override.py:1912} INFO - Created Permission View: menu access on DAG Run:delta_vacuum_dynamic
[2026-03-14T12:37:57.600+0000] {logging_mixin.py:190} INFO - [2026-03-14T12:37:57.600+0000] {dag.py:3239} INFO - Sync 1 DAGs
[2026-03-14T12:37:57.622+0000] {logging_mixin.py:190} INFO - [2026-03-14T12:37:57.622+0000] {dag.py:3262} INFO - Creating ORM DAG for delta_vacuum_dynamic
[2026-03-14T12:37:57.642+0000] {logging_mixin.py:190} INFO - [2026-03-14T12:37:57.642+0000] {dag.py:4180} INFO - Setting next_dagrun for delta_vacuum_dynamic to 2026-03-01 00:00:00+00:00, run_after=2026-03-08 00:00:00+00:00
[2026-03-14T12:37:57.693+0000] {processor.py:208} INFO - Processing /opt/airflow/dags/delta_vacuum_dynamic.py took 0.570 seconds
[2026-03-14T12:38:27.971+0000] {processor.py:186} INFO - Started process (PID=197) to work on /opt/airflow/dags/delta_vacuum_dynamic.py
[2026-03-14T12:38:27.976+0000] {processor.py:914} INFO - Processing file /opt/airflow/dags/delta_vacuum_dynamic.py for tasks to queue
[2026-03-14T12:38:27.995+0000] {logging_mixin.py:190} INFO - [2026-03-14T12:38:27.992+0000] {dagbag.py:588} INFO - Filling up the DagBag from /opt/airflow/dags/delta_vacuum_dynamic.py
[2026-03-14T12:38:28.152+0000] {processor.py:925} INFO - DAG(s) 'delta_vacuum_dynamic' retrieved from /opt/airflow/dags/delta_vacuum_dynamic.py
[2026-03-14T12:38:28.492+0000] {logging_mixin.py:190} INFO - [2026-03-14T12:38:28.490+0000] {dag.py:3239} INFO - Sync 1 DAGs
[2026-03-14T12:38:28.760+0000] {logging_mixin.py:190} INFO - [2026-03-14T12:38:28.758+0000] {dag.py:4180} INFO - Setting next_dagrun for delta_vacuum_dynamic to 2026-03-01 00:00:00+00:00, run_after=2026-03-08 00:00:00+00:00
[2026-03-14T12:38:28.924+0000] {processor.py:208} INFO - Processing /opt/airflow/dags/delta_vacuum_dynamic.py took 1.015 seconds
[2026-03-14T12:38:59.249+0000] {processor.py:186} INFO - Started process (PID=214) to work on /opt/airflow/dags/delta_vacuum_dynamic.py
[2026-03-14T12:38:59.250+0000] {processor.py:914} INFO - Processing file /opt/airflow/dags/delta_vacuum_dynamic.py for tasks to queue
[2026-03-14T12:38:59.252+0000] {logging_mixin.py:190} INFO - [2026-03-14T12:38:59.252+0000] {dagbag.py:588} INFO - Filling up the DagBag from /opt/airflow/dags/delta_vacuum_dynamic.py
[2026-03-14T12:38:59.264+0000] {processor.py:925} INFO - DAG(s) 'delta_vacuum_dynamic' retrieved from /opt/airflow/dags/delta_vacuum_dynamic.py
[2026-03-14T12:38:59.297+0000] {logging_mixin.py:190} INFO - [2026-03-14T12:38:59.297+0000] {dag.py:3239} INFO - Sync 1 DAGs
[2026-03-14T12:38:59.323+0000] {logging_mixin.py:190} INFO - [2026-03-14T12:38:59.322+0000] {dag.py:4180} INFO - Setting next_dagrun for delta_vacuum_dynamic to 2026-03-01 00:00:00+00:00, run_after=2026-03-08 00:00:00+00:00
[2026-03-14T12:38:59.350+0000] {processor.py:208} INFO - Processing /opt/airflow/dags/delta_vacuum_dynamic.py took 0.112 seconds
[2026-03-14T12:39:29.565+0000] {processor.py:186} INFO - Started process (PID=225) to work on /opt/airflow/dags/delta_vacuum_dynamic.py
[2026-03-14T12:39:29.565+0000] {processor.py:914} INFO - Processing file /opt/airflow/dags/delta_vacuum_dynamic.py for tasks to queue
[2026-03-14T12:39:29.568+0000] {logging_mixin.py:190} INFO - [2026-03-14T12:39:29.567+0000] {dagbag.py:588} INFO - Filling up the DagBag from /opt/airflow/dags/delta_vacuum_dynamic.py
[2026-03-14T12:39:29.580+0000] {processor.py:925} INFO - DAG(s) 'delta_vacuum_dynamic' retrieved from /opt/airflow/dags/delta_vacuum_dynamic.py
[2026-03-14T12:39:29.620+0000] {logging_mixin.py:190} INFO - [2026-03-14T12:39:29.620+0000] {dag.py:3239} INFO - Sync 1 DAGs
[2026-03-14T12:39:29.652+0000] {logging_mixin.py:190} INFO - [2026-03-14T12:39:29.651+0000] {dag.py:4180} INFO - Setting next_dagrun for delta_vacuum_dynamic to 2026-03-01 00:00:00+00:00, run_after=2026-03-08 00:00:00+00:00
[2026-03-14T12:39:29.677+0000] {processor.py:208} INFO - Processing /opt/airflow/dags/delta_vacuum_dynamic.py took 0.122 seconds
[2026-03-14T12:39:59.882+0000] {processor.py:186} INFO - Started process (PID=236) to work on /opt/airflow/dags/delta_vacuum_dynamic.py
[2026-03-14T12:39:59.883+0000] {processor.py:914} INFO - Processing file /opt/airflow/dags/delta_vacuum_dynamic.py for tasks to queue
[2026-03-14T12:39:59.886+0000] {logging_mixin.py:190} INFO - [2026-03-14T12:39:59.885+0000] {dagbag.py:588} INFO - Filling up the DagBag from /opt/airflow/dags/delta_vacuum_dynamic.py
[2026-03-14T12:39:59.902+0000] {processor.py:925} INFO - DAG(s) 'delta_vacuum_dynamic' retrieved from /opt/airflow/dags/delta_vacuum_dynamic.py
[2026-03-14T12:39:59.945+0000] {logging_mixin.py:190} INFO - [2026-03-14T12:39:59.945+0000] {dag.py:3239} INFO - Sync 1 DAGs
[2026-03-14T12:39:59.978+0000] {logging_mixin.py:190} INFO - [2026-03-14T12:39:59.978+0000] {dag.py:4180} INFO - Setting next_dagrun for delta_vacuum_dynamic to 2026-03-01 00:00:00+00:00, run_after=2026-03-08 00:00:00+00:00
[2026-03-14T12:40:00.004+0000] {processor.py:208} INFO - Processing /opt/airflow/dags/delta_vacuum_dynamic.py took 0.136 seconds
[2026-03-14T12:40:30.209+0000] {processor.py:186} INFO - Started process (PID=247) to work on /opt/airflow/dags/delta_vacuum_dynamic.py
[2026-03-14T12:40:30.219+0000] {processor.py:914} INFO - Processing file /opt/airflow/dags/delta_vacuum_dynamic.py for tasks to queue
[2026-03-14T12:40:30.221+0000] {logging_mixin.py:190} INFO - [2026-03-14T12:40:30.221+0000] {dagbag.py:588} INFO - Filling up the DagBag from /opt/airflow/dags/delta_vacuum_dynamic.py
[2026-03-14T12:40:30.234+0000] {processor.py:925} INFO - DAG(s) 'delta_vacuum_dynamic' retrieved from /opt/airflow/dags/delta_vacuum_dynamic.py
[2026-03-14T12:40:30.270+0000] {logging_mixin.py:190} INFO - [2026-03-14T12:40:30.270+0000] {dag.py:3239} INFO - Sync 1 DAGs
[2026-03-14T12:40:30.305+0000] {logging_mixin.py:190} INFO - [2026-03-14T12:40:30.305+0000] {dag.py:4180} INFO - Setting next_dagrun for delta_vacuum_dynamic to 2026-03-01 00:00:00+00:00, run_after=2026-03-08 00:00:00+00:00
[2026-03-14T12:40:30.329+0000] {processor.py:208} INFO - Processing /opt/airflow/dags/delta_vacuum_dynamic.py took 0.129 seconds
[2026-03-14T12:41:00.551+0000] {processor.py:186} INFO - Started process (PID=258) to work on /opt/airflow/dags/delta_vacuum_dynamic.py
[2026-03-14T12:41:00.560+0000] {processor.py:914} INFO - Processing file /opt/airflow/dags/delta_vacuum_dynamic.py for tasks to queue
[2026-03-14T12:41:00.563+0000] {logging_mixin.py:190} INFO - [2026-03-14T12:41:00.562+0000] {dagbag.py:588} INFO - Filling up the DagBag from /opt/airflow/dags/delta_vacuum_dynamic.py
[2026-03-14T12:41:00.574+0000] {processor.py:925} INFO - DAG(s) 'delta_vacuum_dynamic' retrieved from /opt/airflow/dags/delta_vacuum_dynamic.py
[2026-03-14T12:41:00.605+0000] {logging_mixin.py:190} INFO - [2026-03-14T12:41:00.605+0000] {dag.py:3239} INFO - Sync 1 DAGs
[2026-03-14T12:41:00.633+0000] {logging_mixin.py:190} INFO - [2026-03-14T12:41:00.633+0000] {dag.py:4180} INFO - Setting next_dagrun for delta_vacuum_dynamic to 2026-03-01 00:00:00+00:00, run_after=2026-03-08 00:00:00+00:00
[2026-03-14T12:41:00.653+0000] {processor.py:208} INFO - Processing /opt/airflow/dags/delta_vacuum_dynamic.py took 0.113 seconds
[2026-03-14T12:41:30.861+0000] {processor.py:186} INFO - Started process (PID=368) to work on /opt/airflow/dags/delta_vacuum_dynamic.py
[2026-03-14T12:41:30.862+0000] {processor.py:914} INFO - Processing file /opt/airflow/dags/delta_vacuum_dynamic.py for tasks to queue
[2026-03-14T12:41:30.865+0000] {logging_mixin.py:190} INFO - [2026-03-14T12:41:30.865+0000] {dagbag.py:588} INFO - Filling up the DagBag from /opt/airflow/dags/delta_vacuum_dynamic.py
[2026-03-14T12:41:30.893+0000] {processor.py:925} INFO - DAG(s) 'delta_vacuum_dynamic' retrieved from /opt/airflow/dags/delta_vacuum_dynamic.py
[2026-03-14T12:41:30.948+0000] {logging_mixin.py:190} INFO - [2026-03-14T12:41:30.947+0000] {dag.py:3239} INFO - Sync 1 DAGs
[2026-03-14T12:41:30.992+0000] {logging_mixin.py:190} INFO - [2026-03-14T12:41:30.992+0000] {dag.py:4180} INFO - Setting next_dagrun for delta_vacuum_dynamic to 2026-03-08 00:00:00+00:00, run_after=2026-03-15 00:00:00+00:00
[2026-03-14T12:41:31.026+0000] {processor.py:208} INFO - Processing /opt/airflow/dags/delta_vacuum_dynamic.py took 0.177 seconds
[2026-03-14T12:42:01.328+0000] {processor.py:186} INFO - Started process (PID=968) to work on /opt/airflow/dags/delta_vacuum_dynamic.py
[2026-03-14T12:42:01.330+0000] {processor.py:914} INFO - Processing file /opt/airflow/dags/delta_vacuum_dynamic.py for tasks to queue
[2026-03-14T12:42:01.334+0000] {logging_mixin.py:190} INFO - [2026-03-14T12:42:01.333+0000] {dagbag.py:588} INFO - Filling up the DagBag from /opt/airflow/dags/delta_vacuum_dynamic.py
[2026-03-14T12:42:01.357+0000] {processor.py:925} INFO - DAG(s) 'delta_vacuum_dynamic' retrieved from /opt/airflow/dags/delta_vacuum_dynamic.py
[2026-03-14T12:42:01.402+0000] {logging_mixin.py:190} INFO - [2026-03-14T12:42:01.402+0000] {dag.py:3239} INFO - Sync 1 DAGs
[2026-03-14T12:42:01.446+0000] {logging_mixin.py:190} INFO - [2026-03-14T12:42:01.445+0000] {dag.py:4180} INFO - Setting next_dagrun for delta_vacuum_dynamic to 2026-03-08 00:00:00+00:00, run_after=2026-03-15 00:00:00+00:00
[2026-03-14T12:42:01.469+0000] {processor.py:208} INFO - Processing /opt/airflow/dags/delta_vacuum_dynamic.py took 0.152 seconds
[2026-03-14T12:42:31.666+0000] {processor.py:186} INFO - Started process (PID=979) to work on /opt/airflow/dags/delta_vacuum_dynamic.py
[2026-03-14T12:42:31.667+0000] {processor.py:914} INFO - Processing file /opt/airflow/dags/delta_vacuum_dynamic.py for tasks to queue
[2026-03-14T12:42:31.671+0000] {logging_mixin.py:190} INFO - [2026-03-14T12:42:31.670+0000] {dagbag.py:588} INFO - Filling up the DagBag from /opt/airflow/dags/delta_vacuum_dynamic.py
[2026-03-14T12:42:31.687+0000] {processor.py:925} INFO - DAG(s) 'delta_vacuum_dynamic' retrieved from /opt/airflow/dags/delta_vacuum_dynamic.py
[2026-03-14T12:42:31.727+0000] {logging_mixin.py:190} INFO - [2026-03-14T12:42:31.726+0000] {dag.py:3239} INFO - Sync 1 DAGs
[2026-03-14T12:42:31.759+0000] {logging_mixin.py:190} INFO - [2026-03-14T12:42:31.759+0000] {dag.py:4180} INFO - Setting next_dagrun for delta_vacuum_dynamic to 2026-03-08 00:00:00+00:00, run_after=2026-03-15 00:00:00+00:00
[2026-03-14T12:42:31.783+0000] {processor.py:208} INFO - Processing /opt/airflow/dags/delta_vacuum_dynamic.py took 0.124 seconds
[2026-03-14T12:43:02.017+0000] {processor.py:186} INFO - Started process (PID=990) to work on /opt/airflow/dags/delta_vacuum_dynamic.py
[2026-03-14T12:43:02.026+0000] {processor.py:914} INFO - Processing file /opt/airflow/dags/delta_vacuum_dynamic.py for tasks to queue
[2026-03-14T12:43:02.030+0000] {logging_mixin.py:190} INFO - [2026-03-14T12:43:02.029+0000] {dagbag.py:588} INFO - Filling up the DagBag from /opt/airflow/dags/delta_vacuum_dynamic.py
[2026-03-14T12:43:02.043+0000] {processor.py:925} INFO - DAG(s) 'delta_vacuum_dynamic' retrieved from /opt/airflow/dags/delta_vacuum_dynamic.py
[2026-03-14T12:43:02.080+0000] {logging_mixin.py:190} INFO - [2026-03-14T12:43:02.080+0000] {dag.py:3239} INFO - Sync 1 DAGs
[2026-03-14T12:43:02.114+0000] {logging_mixin.py:190} INFO - [2026-03-14T12:43:02.113+0000] {dag.py:4180} INFO - Setting next_dagrun for delta_vacuum_dynamic to 2026-03-08 00:00:00+00:00, run_after=2026-03-15 00:00:00+00:00
[2026-03-14T12:43:02.136+0000] {processor.py:208} INFO - Processing /opt/airflow/dags/delta_vacuum_dynamic.py took 0.127 seconds
[2026-03-14T12:43:32.342+0000] {processor.py:186} INFO - Started process (PID=1001) to work on /opt/airflow/dags/delta_vacuum_dynamic.py
[2026-03-14T12:43:32.343+0000] {processor.py:914} INFO - Processing file /opt/airflow/dags/delta_vacuum_dynamic.py for tasks to queue
[2026-03-14T12:43:32.346+0000] {logging_mixin.py:190} INFO - [2026-03-14T12:43:32.346+0000] {dagbag.py:588} INFO - Filling up the DagBag from /opt/airflow/dags/delta_vacuum_dynamic.py
[2026-03-14T12:43:32.364+0000] {processor.py:925} INFO - DAG(s) 'delta_vacuum_dynamic' retrieved from /opt/airflow/dags/delta_vacuum_dynamic.py
[2026-03-14T12:43:32.399+0000] {logging_mixin.py:190} INFO - [2026-03-14T12:43:32.399+0000] {dag.py:3239} INFO - Sync 1 DAGs
[2026-03-14T12:43:32.430+0000] {logging_mixin.py:190} INFO - [2026-03-14T12:43:32.430+0000] {dag.py:4180} INFO - Setting next_dagrun for delta_vacuum_dynamic to 2026-03-08 00:00:00+00:00, run_after=2026-03-15 00:00:00+00:00
[2026-03-14T12:43:32.456+0000] {processor.py:208} INFO - Processing /opt/airflow/dags/delta_vacuum_dynamic.py took 0.123 seconds
[2026-03-14T12:44:02.666+0000] {processor.py:186} INFO - Started process (PID=1012) to work on /opt/airflow/dags/delta_vacuum_dynamic.py
[2026-03-14T12:44:02.667+0000] {processor.py:914} INFO - Processing file /opt/airflow/dags/delta_vacuum_dynamic.py for tasks to queue
[2026-03-14T12:44:02.672+0000] {logging_mixin.py:190} INFO - [2026-03-14T12:44:02.671+0000] {dagbag.py:588} INFO - Filling up the DagBag from /opt/airflow/dags/delta_vacuum_dynamic.py
[2026-03-14T12:44:02.694+0000] {processor.py:925} INFO - DAG(s) 'delta_vacuum_dynamic' retrieved from /opt/airflow/dags/delta_vacuum_dynamic.py
[2026-03-14T12:44:02.737+0000] {logging_mixin.py:190} INFO - [2026-03-14T12:44:02.737+0000] {dag.py:3239} INFO - Sync 1 DAGs
[2026-03-14T12:44:02.775+0000] {logging_mixin.py:190} INFO - [2026-03-14T12:44:02.774+0000] {dag.py:4180} INFO - Setting next_dagrun for delta_vacuum_dynamic to 2026-03-08 00:00:00+00:00, run_after=2026-03-15 00:00:00+00:00
[2026-03-14T12:44:02.801+0000] {processor.py:208} INFO - Processing /opt/airflow/dags/delta_vacuum_dynamic.py took 0.146 seconds
[2026-03-14T12:44:32.988+0000] {processor.py:186} INFO - Started process (PID=1023) to work on /opt/airflow/dags/delta_vacuum_dynamic.py
[2026-03-14T12:44:32.989+0000] {processor.py:914} INFO - Processing file /opt/airflow/dags/delta_vacuum_dynamic.py for tasks to queue
[2026-03-14T12:44:32.992+0000] {logging_mixin.py:190} INFO - [2026-03-14T12:44:32.992+0000] {dagbag.py:588} INFO - Filling up the DagBag from /opt/airflow/dags/delta_vacuum_dynamic.py
[2026-03-14T12:44:33.010+0000] {processor.py:925} INFO - DAG(s) 'delta_vacuum_dynamic' retrieved from /opt/airflow/dags/delta_vacuum_dynamic.py
[2026-03-14T12:44:33.048+0000] {logging_mixin.py:190} INFO - [2026-03-14T12:44:33.048+0000] {dag.py:3239} INFO - Sync 1 DAGs
[2026-03-14T12:44:33.093+0000] {logging_mixin.py:190} INFO - [2026-03-14T12:44:33.093+0000] {dag.py:4180} INFO - Setting next_dagrun for delta_vacuum_dynamic to 2026-03-08 00:00:00+00:00, run_after=2026-03-15 00:00:00+00:00
[2026-03-14T12:44:33.131+0000] {processor.py:208} INFO - Processing /opt/airflow/dags/delta_vacuum_dynamic.py took 0.152 seconds
[2026-03-14T12:45:03.350+0000] {processor.py:186} INFO - Started process (PID=1034) to work on /opt/airflow/dags/delta_vacuum_dynamic.py
[2026-03-14T12:45:03.360+0000] {processor.py:914} INFO - Processing file /opt/airflow/dags/delta_vacuum_dynamic.py for tasks to queue
[2026-03-14T12:45:03.364+0000] {logging_mixin.py:190} INFO - [2026-03-14T12:45:03.363+0000] {dagbag.py:588} INFO - Filling up the DagBag from /opt/airflow/dags/delta_vacuum_dynamic.py
[2026-03-14T12:45:03.378+0000] {processor.py:925} INFO - DAG(s) 'delta_vacuum_dynamic' retrieved from /opt/airflow/dags/delta_vacuum_dynamic.py
[2026-03-14T12:45:03.420+0000] {logging_mixin.py:190} INFO - [2026-03-14T12:45:03.420+0000] {dag.py:3239} INFO - Sync 1 DAGs
[2026-03-14T12:45:03.450+0000] {logging_mixin.py:190} INFO - [2026-03-14T12:45:03.450+0000] {dag.py:4180} INFO - Setting next_dagrun for delta_vacuum_dynamic to 2026-03-08 00:00:00+00:00, run_after=2026-03-15 00:00:00+00:00
[2026-03-14T12:45:03.471+0000] {processor.py:208} INFO - Processing /opt/airflow/dags/delta_vacuum_dynamic.py took 0.129 seconds
[2026-03-14T12:45:33.681+0000] {processor.py:186} INFO - Started process (PID=1045) to work on /opt/airflow/dags/delta_vacuum_dynamic.py
[2026-03-14T12:45:33.686+0000] {processor.py:914} INFO - Processing file /opt/airflow/dags/delta_vacuum_dynamic.py for tasks to queue
[2026-03-14T12:45:33.690+0000] {logging_mixin.py:190} INFO - [2026-03-14T12:45:33.690+0000] {dagbag.py:588} INFO - Filling up the DagBag from /opt/airflow/dags/delta_vacuum_dynamic.py
[2026-03-14T12:45:33.705+0000] {processor.py:925} INFO - DAG(s) 'delta_vacuum_dynamic' retrieved from /opt/airflow/dags/delta_vacuum_dynamic.py
[2026-03-14T12:45:33.745+0000] {logging_mixin.py:190} INFO - [2026-03-14T12:45:33.744+0000] {dag.py:3239} INFO - Sync 1 DAGs
[2026-03-14T12:45:33.778+0000] {logging_mixin.py:190} INFO - [2026-03-14T12:45:33.777+0000] {dag.py:4180} INFO - Setting next_dagrun for delta_vacuum_dynamic to 2026-03-08 00:00:00+00:00, run_after=2026-03-15 00:00:00+00:00
[2026-03-14T12:45:33.803+0000] {processor.py:208} INFO - Processing /opt/airflow/dags/delta_vacuum_dynamic.py took 0.129 seconds
[2026-03-14T12:46:04.002+0000] {processor.py:186} INFO - Started process (PID=1056) to work on /opt/airflow/dags/delta_vacuum_dynamic.py
[2026-03-14T12:46:04.012+0000] {processor.py:914} INFO - Processing file /opt/airflow/dags/delta_vacuum_dynamic.py for tasks to queue
[2026-03-14T12:46:04.015+0000] {logging_mixin.py:190} INFO - [2026-03-14T12:46:04.015+0000] {dagbag.py:588} INFO - Filling up the DagBag from /opt/airflow/dags/delta_vacuum_dynamic.py
[2026-03-14T12:46:04.030+0000] {processor.py:925} INFO - DAG(s) 'delta_vacuum_dynamic' retrieved from /opt/airflow/dags/delta_vacuum_dynamic.py
[2026-03-14T12:46:04.065+0000] {logging_mixin.py:190} INFO - [2026-03-14T12:46:04.064+0000] {dag.py:3239} INFO - Sync 1 DAGs
[2026-03-14T12:46:04.105+0000] {logging_mixin.py:190} INFO - [2026-03-14T12:46:04.104+0000] {dag.py:4180} INFO - Setting next_dagrun for delta_vacuum_dynamic to 2026-03-08 00:00:00+00:00, run_after=2026-03-15 00:00:00+00:00
[2026-03-14T12:46:04.147+0000] {processor.py:208} INFO - Processing /opt/airflow/dags/delta_vacuum_dynamic.py took 0.153 seconds
[2026-03-14T12:46:34.326+0000] {processor.py:186} INFO - Started process (PID=1067) to work on /opt/airflow/dags/delta_vacuum_dynamic.py
[2026-03-14T12:46:34.327+0000] {processor.py:914} INFO - Processing file /opt/airflow/dags/delta_vacuum_dynamic.py for tasks to queue
[2026-03-14T12:46:34.330+0000] {logging_mixin.py:190} INFO - [2026-03-14T12:46:34.330+0000] {dagbag.py:588} INFO - Filling up the DagBag from /opt/airflow/dags/delta_vacuum_dynamic.py
[2026-03-14T12:46:34.349+0000] {processor.py:925} INFO - DAG(s) 'delta_vacuum_dynamic' retrieved from /opt/airflow/dags/delta_vacuum_dynamic.py
[2026-03-14T12:46:34.390+0000] {logging_mixin.py:190} INFO - [2026-03-14T12:46:34.390+0000] {dag.py:3239} INFO - Sync 1 DAGs
[2026-03-14T12:46:34.429+0000] {logging_mixin.py:190} INFO - [2026-03-14T12:46:34.428+0000] {dag.py:4180} INFO - Setting next_dagrun for delta_vacuum_dynamic to 2026-03-08 00:00:00+00:00, run_after=2026-03-15 00:00:00+00:00
[2026-03-14T12:46:34.461+0000] {processor.py:208} INFO - Processing /opt/airflow/dags/delta_vacuum_dynamic.py took 0.145 seconds
[2026-03-14T12:47:04.688+0000] {processor.py:186} INFO - Started process (PID=1078) to work on /opt/airflow/dags/delta_vacuum_dynamic.py
[2026-03-14T12:47:04.693+0000] {processor.py:914} INFO - Processing file /opt/airflow/dags/delta_vacuum_dynamic.py for tasks to queue
[2026-03-14T12:47:04.697+0000] {logging_mixin.py:190} INFO - [2026-03-14T12:47:04.696+0000] {dagbag.py:588} INFO - Filling up the DagBag from /opt/airflow/dags/delta_vacuum_dynamic.py
[2026-03-14T12:47:04.716+0000] {processor.py:925} INFO - DAG(s) 'delta_vacuum_dynamic' retrieved from /opt/airflow/dags/delta_vacuum_dynamic.py
[2026-03-14T12:47:04.759+0000] {logging_mixin.py:190} INFO - [2026-03-14T12:47:04.759+0000] {dag.py:3239} INFO - Sync 1 DAGs
[2026-03-14T12:47:04.796+0000] {logging_mixin.py:190} INFO - [2026-03-14T12:47:04.795+0000] {dag.py:4180} INFO - Setting next_dagrun for delta_vacuum_dynamic to 2026-03-08 00:00:00+00:00, run_after=2026-03-15 00:00:00+00:00
[2026-03-14T12:47:04.824+0000] {processor.py:208} INFO - Processing /opt/airflow/dags/delta_vacuum_dynamic.py took 0.144 seconds
[2026-03-14T12:47:35.016+0000] {processor.py:186} INFO - Started process (PID=1089) to work on /opt/airflow/dags/delta_vacuum_dynamic.py
[2026-03-14T12:47:35.026+0000] {processor.py:914} INFO - Processing file /opt/airflow/dags/delta_vacuum_dynamic.py for tasks to queue
[2026-03-14T12:47:35.029+0000] {logging_mixin.py:190} INFO - [2026-03-14T12:47:35.029+0000] {dagbag.py:588} INFO - Filling up the DagBag from /opt/airflow/dags/delta_vacuum_dynamic.py
[2026-03-14T12:47:35.044+0000] {processor.py:925} INFO - DAG(s) 'delta_vacuum_dynamic' retrieved from /opt/airflow/dags/delta_vacuum_dynamic.py
[2026-03-14T12:47:35.081+0000] {logging_mixin.py:190} INFO - [2026-03-14T12:47:35.080+0000] {dag.py:3239} INFO - Sync 1 DAGs
[2026-03-14T12:47:35.116+0000] {logging_mixin.py:190} INFO - [2026-03-14T12:47:35.115+0000] {dag.py:4180} INFO - Setting next_dagrun for delta_vacuum_dynamic to 2026-03-08 00:00:00+00:00, run_after=2026-03-15 00:00:00+00:00
[2026-03-14T12:47:35.138+0000] {processor.py:208} INFO - Processing /opt/airflow/dags/delta_vacuum_dynamic.py took 0.130 seconds
[2026-03-14T12:48:05.400+0000] {processor.py:186} INFO - Started process (PID=1099) to work on /opt/airflow/dags/delta_vacuum_dynamic.py
[2026-03-14T12:48:05.409+0000] {processor.py:914} INFO - Processing file /opt/airflow/dags/delta_vacuum_dynamic.py for tasks to queue
[2026-03-14T12:48:05.412+0000] {logging_mixin.py:190} INFO - [2026-03-14T12:48:05.411+0000] {dagbag.py:588} INFO - Filling up the DagBag from /opt/airflow/dags/delta_vacuum_dynamic.py
[2026-03-14T12:48:05.426+0000] {processor.py:925} INFO - DAG(s) 'delta_vacuum_dynamic' retrieved from /opt/airflow/dags/delta_vacuum_dynamic.py
[2026-03-14T12:48:05.461+0000] {logging_mixin.py:190} INFO - [2026-03-14T12:48:05.461+0000] {dag.py:3239} INFO - Sync 1 DAGs
[2026-03-14T12:48:05.493+0000] {logging_mixin.py:190} INFO - [2026-03-14T12:48:05.492+0000] {dag.py:4180} INFO - Setting next_dagrun for delta_vacuum_dynamic to 2026-03-08 00:00:00+00:00, run_after=2026-03-15 00:00:00+00:00
[2026-03-14T12:48:05.516+0000] {processor.py:208} INFO - Processing /opt/airflow/dags/delta_vacuum_dynamic.py took 0.128 seconds
[2026-03-14T12:48:35.704+0000] {processor.py:186} INFO - Started process (PID=1110) to work on /opt/airflow/dags/delta_vacuum_dynamic.py
[2026-03-14T12:48:35.714+0000] {processor.py:914} INFO - Processing file /opt/airflow/dags/delta_vacuum_dynamic.py for tasks to queue
[2026-03-14T12:48:35.717+0000] {logging_mixin.py:190} INFO - [2026-03-14T12:48:35.717+0000] {dagbag.py:588} INFO - Filling up the DagBag from /opt/airflow/dags/delta_vacuum_dynamic.py
[2026-03-14T12:48:35.731+0000] {processor.py:925} INFO - DAG(s) 'delta_vacuum_dynamic' retrieved from /opt/airflow/dags/delta_vacuum_dynamic.py
[2026-03-14T12:48:35.769+0000] {logging_mixin.py:190} INFO - [2026-03-14T12:48:35.769+0000] {dag.py:3239} INFO - Sync 1 DAGs
[2026-03-14T12:48:35.806+0000] {logging_mixin.py:190} INFO - [2026-03-14T12:48:35.806+0000] {dag.py:4180} INFO - Setting next_dagrun for delta_vacuum_dynamic to 2026-03-08 00:00:00+00:00, run_after=2026-03-15 00:00:00+00:00
[2026-03-14T12:48:35.833+0000] {processor.py:208} INFO - Processing /opt/airflow/dags/delta_vacuum_dynamic.py took 0.137 seconds
[2026-03-14T12:49:06.073+0000] {processor.py:186} INFO - Started process (PID=1121) to work on /opt/airflow/dags/delta_vacuum_dynamic.py
[2026-03-14T12:49:06.073+0000] {processor.py:914} INFO - Processing file /opt/airflow/dags/delta_vacuum_dynamic.py for tasks to queue
[2026-03-14T12:49:06.076+0000] {logging_mixin.py:190} INFO - [2026-03-14T12:49:06.075+0000] {dagbag.py:588} INFO - Filling up the DagBag from /opt/airflow/dags/delta_vacuum_dynamic.py
[2026-03-14T12:49:06.091+0000] {processor.py:925} INFO - DAG(s) 'delta_vacuum_dynamic' retrieved from /opt/airflow/dags/delta_vacuum_dynamic.py
[2026-03-14T12:49:06.125+0000] {logging_mixin.py:190} INFO - [2026-03-14T12:49:06.125+0000] {dag.py:3239} INFO - Sync 1 DAGs
[2026-03-14T12:49:06.159+0000] {logging_mixin.py:190} INFO - [2026-03-14T12:49:06.159+0000] {dag.py:4180} INFO - Setting next_dagrun for delta_vacuum_dynamic to 2026-03-08 00:00:00+00:00, run_after=2026-03-15 00:00:00+00:00
[2026-03-14T12:49:06.186+0000] {processor.py:208} INFO - Processing /opt/airflow/dags/delta_vacuum_dynamic.py took 0.120 seconds
[2026-03-14T12:49:36.411+0000] {processor.py:186} INFO - Started process (PID=1132) to work on /opt/airflow/dags/delta_vacuum_dynamic.py
[2026-03-14T12:49:36.412+0000] {processor.py:914} INFO - Processing file /opt/airflow/dags/delta_vacuum_dynamic.py for tasks to queue
[2026-03-14T12:49:36.415+0000] {logging_mixin.py:190} INFO - [2026-03-14T12:49:36.415+0000] {dagbag.py:588} INFO - Filling up the DagBag from /opt/airflow/dags/delta_vacuum_dynamic.py
[2026-03-14T12:49:36.430+0000] {processor.py:925} INFO - DAG(s) 'delta_vacuum_dynamic' retrieved from /opt/airflow/dags/delta_vacuum_dynamic.py
[2026-03-14T12:49:36.466+0000] {logging_mixin.py:190} INFO - [2026-03-14T12:49:36.466+0000] {dag.py:3239} INFO - Sync 1 DAGs
[2026-03-14T12:49:36.498+0000] {logging_mixin.py:190} INFO - [2026-03-14T12:49:36.498+0000] {dag.py:4180} INFO - Setting next_dagrun for delta_vacuum_dynamic to 2026-03-08 00:00:00+00:00, run_after=2026-03-15 00:00:00+00:00
[2026-03-14T12:49:36.521+0000] {processor.py:208} INFO - Processing /opt/airflow/dags/delta_vacuum_dynamic.py took 0.117 seconds
[2026-03-14T12:50:06.736+0000] {processor.py:186} INFO - Started process (PID=1143) to work on /opt/airflow/dags/delta_vacuum_dynamic.py
[2026-03-14T12:50:06.738+0000] {processor.py:914} INFO - Processing file /opt/airflow/dags/delta_vacuum_dynamic.py for tasks to queue
[2026-03-14T12:50:06.741+0000] {logging_mixin.py:190} INFO - [2026-03-14T12:50:06.740+0000] {dagbag.py:588} INFO - Filling up the DagBag from /opt/airflow/dags/delta_vacuum_dynamic.py
[2026-03-14T12:50:06.755+0000] {processor.py:925} INFO - DAG(s) 'delta_vacuum_dynamic' retrieved from /opt/airflow/dags/delta_vacuum_dynamic.py
[2026-03-14T12:50:06.793+0000] {logging_mixin.py:190} INFO - [2026-03-14T12:50:06.792+0000] {dag.py:3239} INFO - Sync 1 DAGs
[2026-03-14T12:50:06.827+0000] {logging_mixin.py:190} INFO - [2026-03-14T12:50:06.827+0000] {dag.py:4180} INFO - Setting next_dagrun for delta_vacuum_dynamic to 2026-03-08 00:00:00+00:00, run_after=2026-03-15 00:00:00+00:00
[2026-03-14T12:50:06.850+0000] {processor.py:208} INFO - Processing /opt/airflow/dags/delta_vacuum_dynamic.py took 0.120 seconds
[2026-03-14T12:50:37.101+0000] {processor.py:186} INFO - Started process (PID=1154) to work on /opt/airflow/dags/delta_vacuum_dynamic.py
[2026-03-14T12:50:37.111+0000] {processor.py:914} INFO - Processing file /opt/airflow/dags/delta_vacuum_dynamic.py for tasks to queue
[2026-03-14T12:50:37.115+0000] {logging_mixin.py:190} INFO - [2026-03-14T12:50:37.114+0000] {dagbag.py:588} INFO - Filling up the DagBag from /opt/airflow/dags/delta_vacuum_dynamic.py
[2026-03-14T12:50:37.128+0000] {processor.py:925} INFO - DAG(s) 'delta_vacuum_dynamic' retrieved from /opt/airflow/dags/delta_vacuum_dynamic.py
[2026-03-14T12:50:37.163+0000] {logging_mixin.py:190} INFO - [2026-03-14T12:50:37.162+0000] {dag.py:3239} INFO - Sync 1 DAGs
[2026-03-14T12:50:37.195+0000] {logging_mixin.py:190} INFO - [2026-03-14T12:50:37.195+0000] {dag.py:4180} INFO - Setting next_dagrun for delta_vacuum_dynamic to 2026-03-08 00:00:00+00:00, run_after=2026-03-15 00:00:00+00:00
[2026-03-14T12:50:37.218+0000] {processor.py:208} INFO - Processing /opt/airflow/dags/delta_vacuum_dynamic.py took 0.125 seconds
[2026-03-14T12:51:07.455+0000] {processor.py:186} INFO - Started process (PID=1165) to work on /opt/airflow/dags/delta_vacuum_dynamic.py
[2026-03-14T12:51:07.464+0000] {processor.py:914} INFO - Processing file /opt/airflow/dags/delta_vacuum_dynamic.py for tasks to queue
[2026-03-14T12:51:07.468+0000] {logging_mixin.py:190} INFO - [2026-03-14T12:51:07.468+0000] {dagbag.py:588} INFO - Filling up the DagBag from /opt/airflow/dags/delta_vacuum_dynamic.py
[2026-03-14T12:51:07.483+0000] {processor.py:925} INFO - DAG(s) 'delta_vacuum_dynamic' retrieved from /opt/airflow/dags/delta_vacuum_dynamic.py
[2026-03-14T12:51:07.518+0000] {logging_mixin.py:190} INFO - [2026-03-14T12:51:07.517+0000] {dag.py:3239} INFO - Sync 1 DAGs
[2026-03-14T12:51:07.555+0000] {logging_mixin.py:190} INFO - [2026-03-14T12:51:07.555+0000] {dag.py:4180} INFO - Setting next_dagrun for delta_vacuum_dynamic to 2026-03-08 00:00:00+00:00, run_after=2026-03-15 00:00:00+00:00
[2026-03-14T12:51:07.577+0000] {processor.py:208} INFO - Processing /opt/airflow/dags/delta_vacuum_dynamic.py took 0.130 seconds
[2026-03-14T12:51:37.765+0000] {processor.py:186} INFO - Started process (PID=1176) to work on /opt/airflow/dags/delta_vacuum_dynamic.py
[2026-03-14T12:51:37.775+0000] {processor.py:914} INFO - Processing file /opt/airflow/dags/delta_vacuum_dynamic.py for tasks to queue
[2026-03-14T12:51:37.778+0000] {logging_mixin.py:190} INFO - [2026-03-14T12:51:37.777+0000] {dagbag.py:588} INFO - Filling up the DagBag from /opt/airflow/dags/delta_vacuum_dynamic.py
[2026-03-14T12:51:37.792+0000] {processor.py:925} INFO - DAG(s) 'delta_vacuum_dynamic' retrieved from /opt/airflow/dags/delta_vacuum_dynamic.py
[2026-03-14T12:51:37.830+0000] {logging_mixin.py:190} INFO - [2026-03-14T12:51:37.830+0000] {dag.py:3239} INFO - Sync 1 DAGs
[2026-03-14T12:51:37.865+0000] {logging_mixin.py:190} INFO - [2026-03-14T12:51:37.865+0000] {dag.py:4180} INFO - Setting next_dagrun for delta_vacuum_dynamic to 2026-03-08 00:00:00+00:00, run_after=2026-03-15 00:00:00+00:00
[2026-03-14T12:51:37.889+0000] {processor.py:208} INFO - Processing /opt/airflow/dags/delta_vacuum_dynamic.py took 0.131 seconds
[2026-03-14T12:52:08.122+0000] {processor.py:186} INFO - Started process (PID=1187) to work on /opt/airflow/dags/delta_vacuum_dynamic.py
[2026-03-14T12:52:08.123+0000] {processor.py:914} INFO - Processing file /opt/airflow/dags/delta_vacuum_dynamic.py for tasks to queue
[2026-03-14T12:52:08.126+0000] {logging_mixin.py:190} INFO - [2026-03-14T12:52:08.126+0000] {dagbag.py:588} INFO - Filling up the DagBag from /opt/airflow/dags/delta_vacuum_dynamic.py
[2026-03-14T12:52:08.142+0000] {processor.py:925} INFO - DAG(s) 'delta_vacuum_dynamic' retrieved from /opt/airflow/dags/delta_vacuum_dynamic.py
[2026-03-14T12:52:08.178+0000] {logging_mixin.py:190} INFO - [2026-03-14T12:52:08.178+0000] {dag.py:3239} INFO - Sync 1 DAGs
[2026-03-14T12:52:08.216+0000] {logging_mixin.py:190} INFO - [2026-03-14T12:52:08.215+0000] {dag.py:4180} INFO - Setting next_dagrun for delta_vacuum_dynamic to 2026-03-08 00:00:00+00:00, run_after=2026-03-15 00:00:00+00:00
[2026-03-14T12:52:08.239+0000] {processor.py:208} INFO - Processing /opt/airflow/dags/delta_vacuum_dynamic.py took 0.124 seconds
[2026-03-14T12:52:38.447+0000] {processor.py:186} INFO - Started process (PID=1198) to work on /opt/airflow/dags/delta_vacuum_dynamic.py
[2026-03-14T12:52:38.457+0000] {processor.py:914} INFO - Processing file /opt/airflow/dags/delta_vacuum_dynamic.py for tasks to queue
[2026-03-14T12:52:38.460+0000] {logging_mixin.py:190} INFO - [2026-03-14T12:52:38.459+0000] {dagbag.py:588} INFO - Filling up the DagBag from /opt/airflow/dags/delta_vacuum_dynamic.py
[2026-03-14T12:52:38.474+0000] {processor.py:925} INFO - DAG(s) 'delta_vacuum_dynamic' retrieved from /opt/airflow/dags/delta_vacuum_dynamic.py
[2026-03-14T12:52:38.512+0000] {logging_mixin.py:190} INFO - [2026-03-14T12:52:38.511+0000] {dag.py:3239} INFO - Sync 1 DAGs
[2026-03-14T12:52:38.543+0000] {logging_mixin.py:190} INFO - [2026-03-14T12:52:38.543+0000] {dag.py:4180} INFO - Setting next_dagrun for delta_vacuum_dynamic to 2026-03-08 00:00:00+00:00, run_after=2026-03-15 00:00:00+00:00
[2026-03-14T12:52:38.564+0000] {processor.py:208} INFO - Processing /opt/airflow/dags/delta_vacuum_dynamic.py took 0.125 seconds
[2026-03-14T12:53:08.788+0000] {processor.py:186} INFO - Started process (PID=1209) to work on /opt/airflow/dags/delta_vacuum_dynamic.py
[2026-03-14T12:53:08.789+0000] {processor.py:914} INFO - Processing file /opt/airflow/dags/delta_vacuum_dynamic.py for tasks to queue
[2026-03-14T12:53:08.791+0000] {logging_mixin.py:190} INFO - [2026-03-14T12:53:08.791+0000] {dagbag.py:588} INFO - Filling up the DagBag from /opt/airflow/dags/delta_vacuum_dynamic.py
[2026-03-14T12:53:08.805+0000] {processor.py:925} INFO - DAG(s) 'delta_vacuum_dynamic' retrieved from /opt/airflow/dags/delta_vacuum_dynamic.py
[2026-03-14T12:53:08.838+0000] {logging_mixin.py:190} INFO - [2026-03-14T12:53:08.838+0000] {dag.py:3239} INFO - Sync 1 DAGs
[2026-03-14T12:53:08.868+0000] {logging_mixin.py:190} INFO - [2026-03-14T12:53:08.868+0000] {dag.py:4180} INFO - Setting next_dagrun for delta_vacuum_dynamic to 2026-03-08 00:00:00+00:00, run_after=2026-03-15 00:00:00+00:00
[2026-03-14T12:53:08.889+0000] {processor.py:208} INFO - Processing /opt/airflow/dags/delta_vacuum_dynamic.py took 0.109 seconds
[2026-03-14T12:53:39.133+0000] {processor.py:186} INFO - Started process (PID=1220) to work on /opt/airflow/dags/delta_vacuum_dynamic.py
[2026-03-14T12:53:39.135+0000] {processor.py:914} INFO - Processing file /opt/airflow/dags/delta_vacuum_dynamic.py for tasks to queue
[2026-03-14T12:53:39.137+0000] {logging_mixin.py:190} INFO - [2026-03-14T12:53:39.136+0000] {dagbag.py:588} INFO - Filling up the DagBag from /opt/airflow/dags/delta_vacuum_dynamic.py
[2026-03-14T12:53:39.150+0000] {processor.py:925} INFO - DAG(s) 'delta_vacuum_dynamic' retrieved from /opt/airflow/dags/delta_vacuum_dynamic.py
[2026-03-14T12:53:39.183+0000] {logging_mixin.py:190} INFO - [2026-03-14T12:53:39.182+0000] {dag.py:3239} INFO - Sync 1 DAGs
[2026-03-14T12:53:39.210+0000] {logging_mixin.py:190} INFO - [2026-03-14T12:53:39.210+0000] {dag.py:4180} INFO - Setting next_dagrun for delta_vacuum_dynamic to 2026-03-08 00:00:00+00:00, run_after=2026-03-15 00:00:00+00:00
[2026-03-14T12:53:39.230+0000] {processor.py:208} INFO - Processing /opt/airflow/dags/delta_vacuum_dynamic.py took 0.109 seconds
[2026-03-14T12:54:09.464+0000] {processor.py:186} INFO - Started process (PID=1231) to work on /opt/airflow/dags/delta_vacuum_dynamic.py
[2026-03-14T12:54:09.474+0000] {processor.py:914} INFO - Processing file /opt/airflow/dags/delta_vacuum_dynamic.py for tasks to queue
[2026-03-14T12:54:09.478+0000] {logging_mixin.py:190} INFO - [2026-03-14T12:54:09.477+0000] {dagbag.py:588} INFO - Filling up the DagBag from /opt/airflow/dags/delta_vacuum_dynamic.py
[2026-03-14T12:54:09.490+0000] {processor.py:925} INFO - DAG(s) 'delta_vacuum_dynamic' retrieved from /opt/airflow/dags/delta_vacuum_dynamic.py
[2026-03-14T12:54:09.523+0000] {logging_mixin.py:190} INFO - [2026-03-14T12:54:09.523+0000] {dag.py:3239} INFO - Sync 1 DAGs
[2026-03-14T12:54:09.553+0000] {logging_mixin.py:190} INFO - [2026-03-14T12:54:09.553+0000] {dag.py:4180} INFO - Setting next_dagrun for delta_vacuum_dynamic to 2026-03-08 00:00:00+00:00, run_after=2026-03-15 00:00:00+00:00
[2026-03-14T12:54:09.572+0000] {processor.py:208} INFO - Processing /opt/airflow/dags/delta_vacuum_dynamic.py took 0.116 seconds
[2026-03-14T12:54:39.795+0000] {processor.py:186} INFO - Started process (PID=1242) to work on /opt/airflow/dags/delta_vacuum_dynamic.py
[2026-03-14T12:54:39.805+0000] {processor.py:914} INFO - Processing file /opt/airflow/dags/delta_vacuum_dynamic.py for tasks to queue
[2026-03-14T12:54:39.808+0000] {logging_mixin.py:190} INFO - [2026-03-14T12:54:39.807+0000] {dagbag.py:588} INFO - Filling up the DagBag from /opt/airflow/dags/delta_vacuum_dynamic.py
[2026-03-14T12:54:39.820+0000] {processor.py:925} INFO - DAG(s) 'delta_vacuum_dynamic' retrieved from /opt/airflow/dags/delta_vacuum_dynamic.py
[2026-03-14T12:54:39.852+0000] {logging_mixin.py:190} INFO - [2026-03-14T12:54:39.852+0000] {dag.py:3239} INFO - Sync 1 DAGs
[2026-03-14T12:54:39.881+0000] {logging_mixin.py:190} INFO - [2026-03-14T12:54:39.881+0000] {dag.py:4180} INFO - Setting next_dagrun for delta_vacuum_dynamic to 2026-03-08 00:00:00+00:00, run_after=2026-03-15 00:00:00+00:00
[2026-03-14T12:54:39.905+0000] {processor.py:208} INFO - Processing /opt/airflow/dags/delta_vacuum_dynamic.py took 0.121 seconds
[2026-03-14T12:55:10.105+0000] {processor.py:186} INFO - Started process (PID=1253) to work on /opt/airflow/dags/delta_vacuum_dynamic.py
[2026-03-14T12:55:10.114+0000] {processor.py:914} INFO - Processing file /opt/airflow/dags/delta_vacuum_dynamic.py for tasks to queue
[2026-03-14T12:55:10.117+0000] {logging_mixin.py:190} INFO - [2026-03-14T12:55:10.116+0000] {dagbag.py:588} INFO - Filling up the DagBag from /opt/airflow/dags/delta_vacuum_dynamic.py
[2026-03-14T12:55:10.130+0000] {processor.py:925} INFO - DAG(s) 'delta_vacuum_dynamic' retrieved from /opt/airflow/dags/delta_vacuum_dynamic.py
[2026-03-14T12:55:10.164+0000] {logging_mixin.py:190} INFO - [2026-03-14T12:55:10.164+0000] {dag.py:3239} INFO - Sync 1 DAGs
[2026-03-14T12:55:10.195+0000] {logging_mixin.py:190} INFO - [2026-03-14T12:55:10.195+0000] {dag.py:4180} INFO - Setting next_dagrun for delta_vacuum_dynamic to 2026-03-08 00:00:00+00:00, run_after=2026-03-15 00:00:00+00:00
[2026-03-14T12:55:10.217+0000] {processor.py:208} INFO - Processing /opt/airflow/dags/delta_vacuum_dynamic.py took 0.118 seconds
[2026-03-14T12:55:40.433+0000] {processor.py:186} INFO - Started process (PID=1264) to work on /opt/airflow/dags/delta_vacuum_dynamic.py
[2026-03-14T12:55:40.443+0000] {processor.py:914} INFO - Processing file /opt/airflow/dags/delta_vacuum_dynamic.py for tasks to queue
[2026-03-14T12:55:40.446+0000] {logging_mixin.py:190} INFO - [2026-03-14T12:55:40.446+0000] {dagbag.py:588} INFO - Filling up the DagBag from /opt/airflow/dags/delta_vacuum_dynamic.py
[2026-03-14T12:55:40.460+0000] {processor.py:925} INFO - DAG(s) 'delta_vacuum_dynamic' retrieved from /opt/airflow/dags/delta_vacuum_dynamic.py
[2026-03-14T12:55:40.498+0000] {logging_mixin.py:190} INFO - [2026-03-14T12:55:40.497+0000] {dag.py:3239} INFO - Sync 1 DAGs
[2026-03-14T12:55:40.531+0000] {logging_mixin.py:190} INFO - [2026-03-14T12:55:40.531+0000] {dag.py:4180} INFO - Setting next_dagrun for delta_vacuum_dynamic to 2026-03-08 00:00:00+00:00, run_after=2026-03-15 00:00:00+00:00
[2026-03-14T12:55:40.555+0000] {processor.py:208} INFO - Processing /opt/airflow/dags/delta_vacuum_dynamic.py took 0.130 seconds
[2026-03-14T12:56:10.770+0000] {processor.py:186} INFO - Started process (PID=1275) to work on /opt/airflow/dags/delta_vacuum_dynamic.py
[2026-03-14T12:56:10.771+0000] {processor.py:914} INFO - Processing file /opt/airflow/dags/delta_vacuum_dynamic.py for tasks to queue
[2026-03-14T12:56:10.774+0000] {logging_mixin.py:190} INFO - [2026-03-14T12:56:10.774+0000] {dagbag.py:588} INFO - Filling up the DagBag from /opt/airflow/dags/delta_vacuum_dynamic.py
[2026-03-14T12:56:10.788+0000] {processor.py:925} INFO - DAG(s) 'delta_vacuum_dynamic' retrieved from /opt/airflow/dags/delta_vacuum_dynamic.py
[2026-03-14T12:56:10.828+0000] {logging_mixin.py:190} INFO - [2026-03-14T12:56:10.828+0000] {dag.py:3239} INFO - Sync 1 DAGs
[2026-03-14T12:56:10.863+0000] {logging_mixin.py:190} INFO - [2026-03-14T12:56:10.863+0000] {dag.py:4180} INFO - Setting next_dagrun for delta_vacuum_dynamic to 2026-03-08 00:00:00+00:00, run_after=2026-03-15 00:00:00+00:00
[2026-03-14T12:56:10.889+0000] {processor.py:208} INFO - Processing /opt/airflow/dags/delta_vacuum_dynamic.py took 0.125 seconds
[2026-03-14T12:56:41.087+0000] {processor.py:186} INFO - Started process (PID=1286) to work on /opt/airflow/dags/delta_vacuum_dynamic.py
[2026-03-14T12:56:41.097+0000] {processor.py:914} INFO - Processing file /opt/airflow/dags/delta_vacuum_dynamic.py for tasks to queue
[2026-03-14T12:56:41.101+0000] {logging_mixin.py:190} INFO - [2026-03-14T12:56:41.100+0000] {dagbag.py:588} INFO - Filling up the DagBag from /opt/airflow/dags/delta_vacuum_dynamic.py
[2026-03-14T12:56:41.115+0000] {processor.py:925} INFO - DAG(s) 'delta_vacuum_dynamic' retrieved from /opt/airflow/dags/delta_vacuum_dynamic.py
[2026-03-14T12:56:41.151+0000] {logging_mixin.py:190} INFO - [2026-03-14T12:56:41.151+0000] {dag.py:3239} INFO - Sync 1 DAGs
[2026-03-14T12:56:41.180+0000] {logging_mixin.py:190} INFO - [2026-03-14T12:56:41.180+0000] {dag.py:4180} INFO - Setting next_dagrun for delta_vacuum_dynamic to 2026-03-08 00:00:00+00:00, run_after=2026-03-15 00:00:00+00:00
[2026-03-14T12:56:41.201+0000] {processor.py:208} INFO - Processing /opt/airflow/dags/delta_vacuum_dynamic.py took 0.122 seconds
[2026-03-14T12:57:11.407+0000] {processor.py:186} INFO - Started process (PID=1297) to work on /opt/airflow/dags/delta_vacuum_dynamic.py
[2026-03-14T12:57:11.408+0000] {processor.py:914} INFO - Processing file /opt/airflow/dags/delta_vacuum_dynamic.py for tasks to queue
[2026-03-14T12:57:11.411+0000] {logging_mixin.py:190} INFO - [2026-03-14T12:57:11.410+0000] {dagbag.py:588} INFO - Filling up the DagBag from /opt/airflow/dags/delta_vacuum_dynamic.py
[2026-03-14T12:57:11.424+0000] {processor.py:925} INFO - DAG(s) 'delta_vacuum_dynamic' retrieved from /opt/airflow/dags/delta_vacuum_dynamic.py
[2026-03-14T12:57:11.457+0000] {logging_mixin.py:190} INFO - [2026-03-14T12:57:11.457+0000] {dag.py:3239} INFO - Sync 1 DAGs
[2026-03-14T12:57:11.489+0000] {logging_mixin.py:190} INFO - [2026-03-14T12:57:11.489+0000] {dag.py:4180} INFO - Setting next_dagrun for delta_vacuum_dynamic to 2026-03-08 00:00:00+00:00, run_after=2026-03-15 00:00:00+00:00
[2026-03-14T12:57:11.511+0000] {processor.py:208} INFO - Processing /opt/airflow/dags/delta_vacuum_dynamic.py took 0.111 seconds
[2026-03-14T12:57:41.743+0000] {processor.py:186} INFO - Started process (PID=1308) to work on /opt/airflow/dags/delta_vacuum_dynamic.py
[2026-03-14T12:57:41.753+0000] {processor.py:914} INFO - Processing file /opt/airflow/dags/delta_vacuum_dynamic.py for tasks to queue
[2026-03-14T12:57:41.755+0000] {logging_mixin.py:190} INFO - [2026-03-14T12:57:41.755+0000] {dagbag.py:588} INFO - Filling up the DagBag from /opt/airflow/dags/delta_vacuum_dynamic.py
[2026-03-14T12:57:41.769+0000] {processor.py:925} INFO - DAG(s) 'delta_vacuum_dynamic' retrieved from /opt/airflow/dags/delta_vacuum_dynamic.py
[2026-03-14T12:57:41.800+0000] {logging_mixin.py:190} INFO - [2026-03-14T12:57:41.800+0000] {dag.py:3239} INFO - Sync 1 DAGs
[2026-03-14T12:57:41.828+0000] {logging_mixin.py:190} INFO - [2026-03-14T12:57:41.828+0000] {dag.py:4180} INFO - Setting next_dagrun for delta_vacuum_dynamic to 2026-03-08 00:00:00+00:00, run_after=2026-03-15 00:00:00+00:00
[2026-03-14T12:57:41.848+0000] {processor.py:208} INFO - Processing /opt/airflow/dags/delta_vacuum_dynamic.py took 0.114 seconds
[2026-03-14T12:58:12.075+0000] {processor.py:186} INFO - Started process (PID=1319) to work on /opt/airflow/dags/delta_vacuum_dynamic.py
[2026-03-14T12:58:12.084+0000] {processor.py:914} INFO - Processing file /opt/airflow/dags/delta_vacuum_dynamic.py for tasks to queue
[2026-03-14T12:58:12.087+0000] {logging_mixin.py:190} INFO - [2026-03-14T12:58:12.087+0000] {dagbag.py:588} INFO - Filling up the DagBag from /opt/airflow/dags/delta_vacuum_dynamic.py
[2026-03-14T12:58:12.100+0000] {processor.py:925} INFO - DAG(s) 'delta_vacuum_dynamic' retrieved from /opt/airflow/dags/delta_vacuum_dynamic.py
[2026-03-14T12:58:12.135+0000] {logging_mixin.py:190} INFO - [2026-03-14T12:58:12.135+0000] {dag.py:3239} INFO - Sync 1 DAGs
[2026-03-14T12:58:12.167+0000] {logging_mixin.py:190} INFO - [2026-03-14T12:58:12.166+0000] {dag.py:4180} INFO - Setting next_dagrun for delta_vacuum_dynamic to 2026-03-08 00:00:00+00:00, run_after=2026-03-15 00:00:00+00:00
[2026-03-14T12:58:12.189+0000] {processor.py:208} INFO - Processing /opt/airflow/dags/delta_vacuum_dynamic.py took 0.126 seconds
[2026-03-14T12:58:42.377+0000] {processor.py:186} INFO - Started process (PID=1330) to work on /opt/airflow/dags/delta_vacuum_dynamic.py
[2026-03-14T12:58:42.387+0000] {processor.py:914} INFO - Processing file /opt/airflow/dags/delta_vacuum_dynamic.py for tasks to queue
[2026-03-14T12:58:42.390+0000] {logging_mixin.py:190} INFO - [2026-03-14T12:58:42.390+0000] {dagbag.py:588} INFO - Filling up the DagBag from /opt/airflow/dags/delta_vacuum_dynamic.py
[2026-03-14T12:58:42.404+0000] {processor.py:925} INFO - DAG(s) 'delta_vacuum_dynamic' retrieved from /opt/airflow/dags/delta_vacuum_dynamic.py
[2026-03-14T12:58:42.435+0000] {logging_mixin.py:190} INFO - [2026-03-14T12:58:42.435+0000] {dag.py:3239} INFO - Sync 1 DAGs
[2026-03-14T12:58:42.464+0000] {logging_mixin.py:190} INFO - [2026-03-14T12:58:42.464+0000] {dag.py:4180} INFO - Setting next_dagrun for delta_vacuum_dynamic to 2026-03-08 00:00:00+00:00, run_after=2026-03-15 00:00:00+00:00
[2026-03-14T12:58:42.486+0000] {processor.py:208} INFO - Processing /opt/airflow/dags/delta_vacuum_dynamic.py took 0.115 seconds
[2026-03-14T12:59:12.732+0000] {processor.py:186} INFO - Started process (PID=1341) to work on /opt/airflow/dags/delta_vacuum_dynamic.py
[2026-03-14T12:59:12.742+0000] {processor.py:914} INFO - Processing file /opt/airflow/dags/delta_vacuum_dynamic.py for tasks to queue
[2026-03-14T12:59:12.746+0000] {logging_mixin.py:190} INFO - [2026-03-14T12:59:12.745+0000] {dagbag.py:588} INFO - Filling up the DagBag from /opt/airflow/dags/delta_vacuum_dynamic.py
[2026-03-14T12:59:12.759+0000] {processor.py:925} INFO - DAG(s) 'delta_vacuum_dynamic' retrieved from /opt/airflow/dags/delta_vacuum_dynamic.py
[2026-03-14T12:59:12.793+0000] {logging_mixin.py:190} INFO - [2026-03-14T12:59:12.793+0000] {dag.py:3239} INFO - Sync 1 DAGs
[2026-03-14T12:59:12.822+0000] {logging_mixin.py:190} INFO - [2026-03-14T12:59:12.822+0000] {dag.py:4180} INFO - Setting next_dagrun for delta_vacuum_dynamic to 2026-03-08 00:00:00+00:00, run_after=2026-03-15 00:00:00+00:00
[2026-03-14T12:59:12.842+0000] {processor.py:208} INFO - Processing /opt/airflow/dags/delta_vacuum_dynamic.py took 0.121 seconds
[2026-03-14T12:59:43.067+0000] {processor.py:186} INFO - Started process (PID=1352) to work on /opt/airflow/dags/delta_vacuum_dynamic.py
[2026-03-14T12:59:43.068+0000] {processor.py:914} INFO - Processing file /opt/airflow/dags/delta_vacuum_dynamic.py for tasks to queue
[2026-03-14T12:59:43.071+0000] {logging_mixin.py:190} INFO - [2026-03-14T12:59:43.070+0000] {dagbag.py:588} INFO - Filling up the DagBag from /opt/airflow/dags/delta_vacuum_dynamic.py
[2026-03-14T12:59:43.084+0000] {processor.py:925} INFO - DAG(s) 'delta_vacuum_dynamic' retrieved from /opt/airflow/dags/delta_vacuum_dynamic.py
[2026-03-14T12:59:43.116+0000] {logging_mixin.py:190} INFO - [2026-03-14T12:59:43.116+0000] {dag.py:3239} INFO - Sync 1 DAGs
[2026-03-14T12:59:43.145+0000] {logging_mixin.py:190} INFO - [2026-03-14T12:59:43.145+0000] {dag.py:4180} INFO - Setting next_dagrun for delta_vacuum_dynamic to 2026-03-08 00:00:00+00:00, run_after=2026-03-15 00:00:00+00:00
[2026-03-14T12:59:43.165+0000] {processor.py:208} INFO - Processing /opt/airflow/dags/delta_vacuum_dynamic.py took 0.109 seconds
[2026-03-14T13:00:13.380+0000] {processor.py:186} INFO - Started process (PID=1363) to work on /opt/airflow/dags/delta_vacuum_dynamic.py
[2026-03-14T13:00:13.382+0000] {processor.py:914} INFO - Processing file /opt/airflow/dags/delta_vacuum_dynamic.py for tasks to queue
[2026-03-14T13:00:13.384+0000] {logging_mixin.py:190} INFO - [2026-03-14T13:00:13.384+0000] {dagbag.py:588} INFO - Filling up the DagBag from /opt/airflow/dags/delta_vacuum_dynamic.py
[2026-03-14T13:00:13.397+0000] {processor.py:925} INFO - DAG(s) 'delta_vacuum_dynamic' retrieved from /opt/airflow/dags/delta_vacuum_dynamic.py
[2026-03-14T13:00:13.429+0000] {logging_mixin.py:190} INFO - [2026-03-14T13:00:13.429+0000] {dag.py:3239} INFO - Sync 1 DAGs
[2026-03-14T13:00:13.457+0000] {logging_mixin.py:190} INFO - [2026-03-14T13:00:13.456+0000] {dag.py:4180} INFO - Setting next_dagrun for delta_vacuum_dynamic to 2026-03-08 00:00:00+00:00, run_after=2026-03-15 00:00:00+00:00
[2026-03-14T13:00:13.477+0000] {processor.py:208} INFO - Processing /opt/airflow/dags/delta_vacuum_dynamic.py took 0.104 seconds
[2026-03-14T13:00:43.699+0000] {processor.py:186} INFO - Started process (PID=1374) to work on /opt/airflow/dags/delta_vacuum_dynamic.py
[2026-03-14T13:00:43.708+0000] {processor.py:914} INFO - Processing file /opt/airflow/dags/delta_vacuum_dynamic.py for tasks to queue
[2026-03-14T13:00:43.712+0000] {logging_mixin.py:190} INFO - [2026-03-14T13:00:43.711+0000] {dagbag.py:588} INFO - Filling up the DagBag from /opt/airflow/dags/delta_vacuum_dynamic.py
[2026-03-14T13:00:43.725+0000] {processor.py:925} INFO - DAG(s) 'delta_vacuum_dynamic' retrieved from /opt/airflow/dags/delta_vacuum_dynamic.py
[2026-03-14T13:00:43.759+0000] {logging_mixin.py:190} INFO - [2026-03-14T13:00:43.759+0000] {dag.py:3239} INFO - Sync 1 DAGs
[2026-03-14T13:00:43.790+0000] {logging_mixin.py:190} INFO - [2026-03-14T13:00:43.790+0000] {dag.py:4180} INFO - Setting next_dagrun for delta_vacuum_dynamic to 2026-03-08 00:00:00+00:00, run_after=2026-03-15 00:00:00+00:00
[2026-03-14T13:00:43.810+0000] {processor.py:208} INFO - Processing /opt/airflow/dags/delta_vacuum_dynamic.py took 0.123 seconds
[2026-03-14T13:01:14.009+0000] {processor.py:186} INFO - Started process (PID=1385) to work on /opt/airflow/dags/delta_vacuum_dynamic.py
[2026-03-14T13:01:14.019+0000] {processor.py:914} INFO - Processing file /opt/airflow/dags/delta_vacuum_dynamic.py for tasks to queue
[2026-03-14T13:01:14.022+0000] {logging_mixin.py:190} INFO - [2026-03-14T13:01:14.022+0000] {dagbag.py:588} INFO - Filling up the DagBag from /opt/airflow/dags/delta_vacuum_dynamic.py
[2026-03-14T13:01:14.035+0000] {processor.py:925} INFO - DAG(s) 'delta_vacuum_dynamic' retrieved from /opt/airflow/dags/delta_vacuum_dynamic.py
[2026-03-14T13:01:14.069+0000] {logging_mixin.py:190} INFO - [2026-03-14T13:01:14.069+0000] {dag.py:3239} INFO - Sync 1 DAGs
[2026-03-14T13:01:14.099+0000] {logging_mixin.py:190} INFO - [2026-03-14T13:01:14.099+0000] {dag.py:4180} INFO - Setting next_dagrun for delta_vacuum_dynamic to 2026-03-08 00:00:00+00:00, run_after=2026-03-15 00:00:00+00:00
[2026-03-14T13:01:14.119+0000] {processor.py:208} INFO - Processing /opt/airflow/dags/delta_vacuum_dynamic.py took 0.116 seconds
[2026-03-14T13:01:44.355+0000] {processor.py:186} INFO - Started process (PID=1396) to work on /opt/airflow/dags/delta_vacuum_dynamic.py
[2026-03-14T13:01:44.365+0000] {processor.py:914} INFO - Processing file /opt/airflow/dags/delta_vacuum_dynamic.py for tasks to queue
[2026-03-14T13:01:44.368+0000] {logging_mixin.py:190} INFO - [2026-03-14T13:01:44.368+0000] {dagbag.py:588} INFO - Filling up the DagBag from /opt/airflow/dags/delta_vacuum_dynamic.py
[2026-03-14T13:01:44.382+0000] {processor.py:925} INFO - DAG(s) 'delta_vacuum_dynamic' retrieved from /opt/airflow/dags/delta_vacuum_dynamic.py
[2026-03-14T13:01:44.418+0000] {logging_mixin.py:190} INFO - [2026-03-14T13:01:44.418+0000] {dag.py:3239} INFO - Sync 1 DAGs
[2026-03-14T13:01:44.454+0000] {logging_mixin.py:190} INFO - [2026-03-14T13:01:44.454+0000] {dag.py:4180} INFO - Setting next_dagrun for delta_vacuum_dynamic to 2026-03-08 00:00:00+00:00, run_after=2026-03-15 00:00:00+00:00
[2026-03-14T13:01:44.476+0000] {processor.py:208} INFO - Processing /opt/airflow/dags/delta_vacuum_dynamic.py took 0.131 seconds
[2026-03-14T13:02:14.686+0000] {processor.py:186} INFO - Started process (PID=1407) to work on /opt/airflow/dags/delta_vacuum_dynamic.py
[2026-03-14T13:02:14.696+0000] {processor.py:914} INFO - Processing file /opt/airflow/dags/delta_vacuum_dynamic.py for tasks to queue
[2026-03-14T13:02:14.700+0000] {logging_mixin.py:190} INFO - [2026-03-14T13:02:14.699+0000] {dagbag.py:588} INFO - Filling up the DagBag from /opt/airflow/dags/delta_vacuum_dynamic.py
[2026-03-14T13:02:14.713+0000] {processor.py:925} INFO - DAG(s) 'delta_vacuum_dynamic' retrieved from /opt/airflow/dags/delta_vacuum_dynamic.py
[2026-03-14T13:02:14.746+0000] {logging_mixin.py:190} INFO - [2026-03-14T13:02:14.746+0000] {dag.py:3239} INFO - Sync 1 DAGs
[2026-03-14T13:02:14.777+0000] {logging_mixin.py:190} INFO - [2026-03-14T13:02:14.777+0000] {dag.py:4180} INFO - Setting next_dagrun for delta_vacuum_dynamic to 2026-03-08 00:00:00+00:00, run_after=2026-03-15 00:00:00+00:00
[2026-03-14T13:02:14.800+0000] {processor.py:208} INFO - Processing /opt/airflow/dags/delta_vacuum_dynamic.py took 0.123 seconds
[2026-03-14T13:13:32.633+0000] {processor.py:186} INFO - Started process (PID=1418) to work on /opt/airflow/dags/delta_vacuum_dynamic.py
[2026-03-14T13:13:32.638+0000] {processor.py:914} INFO - Processing file /opt/airflow/dags/delta_vacuum_dynamic.py for tasks to queue
[2026-03-14T13:13:32.643+0000] {logging_mixin.py:190} INFO - [2026-03-14T13:13:32.643+0000] {dagbag.py:588} INFO - Filling up the DagBag from /opt/airflow/dags/delta_vacuum_dynamic.py
[2026-03-14T13:13:32.667+0000] {processor.py:925} INFO - DAG(s) 'delta_vacuum_dynamic' retrieved from /opt/airflow/dags/delta_vacuum_dynamic.py
[2026-03-14T13:13:32.716+0000] {logging_mixin.py:190} INFO - [2026-03-14T13:13:32.716+0000] {dag.py:3239} INFO - Sync 1 DAGs
[2026-03-14T13:13:32.750+0000] {logging_mixin.py:190} INFO - [2026-03-14T13:13:32.750+0000] {dag.py:4180} INFO - Setting next_dagrun for delta_vacuum_dynamic to 2026-03-08 00:00:00+00:00, run_after=2026-03-15 00:00:00+00:00
[2026-03-14T13:13:32.774+0000] {processor.py:208} INFO - Processing /opt/airflow/dags/delta_vacuum_dynamic.py took 0.155 seconds
[2026-03-14T13:14:02.934+0000] {processor.py:186} INFO - Started process (PID=1429) to work on /opt/airflow/dags/delta_vacuum_dynamic.py
[2026-03-14T13:14:02.936+0000] {processor.py:914} INFO - Processing file /opt/airflow/dags/delta_vacuum_dynamic.py for tasks to queue
[2026-03-14T13:14:02.939+0000] {logging_mixin.py:190} INFO - [2026-03-14T13:14:02.939+0000] {dagbag.py:588} INFO - Filling up the DagBag from /opt/airflow/dags/delta_vacuum_dynamic.py
[2026-03-14T13:14:02.958+0000] {processor.py:925} INFO - DAG(s) 'delta_vacuum_dynamic' retrieved from /opt/airflow/dags/delta_vacuum_dynamic.py
[2026-03-14T13:14:03.006+0000] {logging_mixin.py:190} INFO - [2026-03-14T13:14:03.006+0000] {dag.py:3239} INFO - Sync 1 DAGs
[2026-03-14T13:14:03.050+0000] {logging_mixin.py:190} INFO - [2026-03-14T13:14:03.049+0000] {dag.py:4180} INFO - Setting next_dagrun for delta_vacuum_dynamic to 2026-03-08 00:00:00+00:00, run_after=2026-03-15 00:00:00+00:00
[2026-03-14T13:14:03.076+0000] {processor.py:208} INFO - Processing /opt/airflow/dags/delta_vacuum_dynamic.py took 0.150 seconds
[2026-03-14T13:14:33.295+0000] {processor.py:186} INFO - Started process (PID=1440) to work on /opt/airflow/dags/delta_vacuum_dynamic.py
[2026-03-14T13:14:33.296+0000] {processor.py:914} INFO - Processing file /opt/airflow/dags/delta_vacuum_dynamic.py for tasks to queue
[2026-03-14T13:14:33.299+0000] {logging_mixin.py:190} INFO - [2026-03-14T13:14:33.299+0000] {dagbag.py:588} INFO - Filling up the DagBag from /opt/airflow/dags/delta_vacuum_dynamic.py
[2026-03-14T13:14:33.314+0000] {processor.py:925} INFO - DAG(s) 'delta_vacuum_dynamic' retrieved from /opt/airflow/dags/delta_vacuum_dynamic.py
[2026-03-14T13:14:33.348+0000] {logging_mixin.py:190} INFO - [2026-03-14T13:14:33.348+0000] {dag.py:3239} INFO - Sync 1 DAGs
[2026-03-14T13:14:33.381+0000] {logging_mixin.py:190} INFO - [2026-03-14T13:14:33.381+0000] {dag.py:4180} INFO - Setting next_dagrun for delta_vacuum_dynamic to 2026-03-08 00:00:00+00:00, run_after=2026-03-15 00:00:00+00:00
[2026-03-14T13:14:33.405+0000] {processor.py:208} INFO - Processing /opt/airflow/dags/delta_vacuum_dynamic.py took 0.117 seconds
[2026-03-14T13:15:03.619+0000] {processor.py:186} INFO - Started process (PID=1451) to work on /opt/airflow/dags/delta_vacuum_dynamic.py
[2026-03-14T13:15:03.621+0000] {processor.py:914} INFO - Processing file /opt/airflow/dags/delta_vacuum_dynamic.py for tasks to queue
[2026-03-14T13:15:03.624+0000] {logging_mixin.py:190} INFO - [2026-03-14T13:15:03.624+0000] {dagbag.py:588} INFO - Filling up the DagBag from /opt/airflow/dags/delta_vacuum_dynamic.py
[2026-03-14T13:15:03.642+0000] {processor.py:925} INFO - DAG(s) 'delta_vacuum_dynamic' retrieved from /opt/airflow/dags/delta_vacuum_dynamic.py
[2026-03-14T13:15:03.686+0000] {logging_mixin.py:190} INFO - [2026-03-14T13:15:03.686+0000] {dag.py:3239} INFO - Sync 1 DAGs
[2026-03-14T13:15:03.726+0000] {logging_mixin.py:190} INFO - [2026-03-14T13:15:03.726+0000] {dag.py:4180} INFO - Setting next_dagrun for delta_vacuum_dynamic to 2026-03-08 00:00:00+00:00, run_after=2026-03-15 00:00:00+00:00
[2026-03-14T13:15:03.757+0000] {processor.py:208} INFO - Processing /opt/airflow/dags/delta_vacuum_dynamic.py took 0.145 seconds
[2026-03-14T13:15:33.935+0000] {processor.py:186} INFO - Started process (PID=1462) to work on /opt/airflow/dags/delta_vacuum_dynamic.py
[2026-03-14T13:15:33.945+0000] {processor.py:914} INFO - Processing file /opt/airflow/dags/delta_vacuum_dynamic.py for tasks to queue
[2026-03-14T13:15:33.948+0000] {logging_mixin.py:190} INFO - [2026-03-14T13:15:33.948+0000] {dagbag.py:588} INFO - Filling up the DagBag from /opt/airflow/dags/delta_vacuum_dynamic.py
[2026-03-14T13:15:33.962+0000] {processor.py:925} INFO - DAG(s) 'delta_vacuum_dynamic' retrieved from /opt/airflow/dags/delta_vacuum_dynamic.py
[2026-03-14T13:15:33.998+0000] {logging_mixin.py:190} INFO - [2026-03-14T13:15:33.997+0000] {dag.py:3239} INFO - Sync 1 DAGs
[2026-03-14T13:15:34.032+0000] {logging_mixin.py:190} INFO - [2026-03-14T13:15:34.032+0000] {dag.py:4180} INFO - Setting next_dagrun for delta_vacuum_dynamic to 2026-03-08 00:00:00+00:00, run_after=2026-03-15 00:00:00+00:00
[2026-03-14T13:15:34.055+0000] {processor.py:208} INFO - Processing /opt/airflow/dags/delta_vacuum_dynamic.py took 0.127 seconds
[2026-03-14T13:16:04.291+0000] {processor.py:186} INFO - Started process (PID=1473) to work on /opt/airflow/dags/delta_vacuum_dynamic.py
[2026-03-14T13:16:04.301+0000] {processor.py:914} INFO - Processing file /opt/airflow/dags/delta_vacuum_dynamic.py for tasks to queue
[2026-03-14T13:16:04.305+0000] {logging_mixin.py:190} INFO - [2026-03-14T13:16:04.305+0000] {dagbag.py:588} INFO - Filling up the DagBag from /opt/airflow/dags/delta_vacuum_dynamic.py
[2026-03-14T13:16:04.328+0000] {processor.py:925} INFO - DAG(s) 'delta_vacuum_dynamic' retrieved from /opt/airflow/dags/delta_vacuum_dynamic.py
[2026-03-14T13:16:04.369+0000] {logging_mixin.py:190} INFO - [2026-03-14T13:16:04.368+0000] {dag.py:3239} INFO - Sync 1 DAGs
[2026-03-14T13:16:04.415+0000] {logging_mixin.py:190} INFO - [2026-03-14T13:16:04.414+0000] {dag.py:4180} INFO - Setting next_dagrun for delta_vacuum_dynamic to 2026-03-08 00:00:00+00:00, run_after=2026-03-15 00:00:00+00:00
[2026-03-14T13:16:04.448+0000] {processor.py:208} INFO - Processing /opt/airflow/dags/delta_vacuum_dynamic.py took 0.169 seconds
[2026-03-14T13:16:34.604+0000] {processor.py:186} INFO - Started process (PID=1484) to work on /opt/airflow/dags/delta_vacuum_dynamic.py
[2026-03-14T13:16:34.605+0000] {processor.py:914} INFO - Processing file /opt/airflow/dags/delta_vacuum_dynamic.py for tasks to queue
[2026-03-14T13:16:34.607+0000] {logging_mixin.py:190} INFO - [2026-03-14T13:16:34.607+0000] {dagbag.py:588} INFO - Filling up the DagBag from /opt/airflow/dags/delta_vacuum_dynamic.py
[2026-03-14T13:16:34.621+0000] {processor.py:925} INFO - DAG(s) 'delta_vacuum_dynamic' retrieved from /opt/airflow/dags/delta_vacuum_dynamic.py
[2026-03-14T13:16:34.656+0000] {logging_mixin.py:190} INFO - [2026-03-14T13:16:34.655+0000] {dag.py:3239} INFO - Sync 1 DAGs
[2026-03-14T13:16:34.684+0000] {logging_mixin.py:190} INFO - [2026-03-14T13:16:34.683+0000] {dag.py:4180} INFO - Setting next_dagrun for delta_vacuum_dynamic to 2026-03-08 00:00:00+00:00, run_after=2026-03-15 00:00:00+00:00
[2026-03-14T13:16:34.703+0000] {processor.py:208} INFO - Processing /opt/airflow/dags/delta_vacuum_dynamic.py took 0.106 seconds
[2026-03-14T13:17:04.985+0000] {processor.py:186} INFO - Started process (PID=1495) to work on /opt/airflow/dags/delta_vacuum_dynamic.py
[2026-03-14T13:17:04.987+0000] {processor.py:914} INFO - Processing file /opt/airflow/dags/delta_vacuum_dynamic.py for tasks to queue
[2026-03-14T13:17:04.990+0000] {logging_mixin.py:190} INFO - [2026-03-14T13:17:04.990+0000] {dagbag.py:588} INFO - Filling up the DagBag from /opt/airflow/dags/delta_vacuum_dynamic.py
[2026-03-14T13:17:05.007+0000] {processor.py:925} INFO - DAG(s) 'delta_vacuum_dynamic' retrieved from /opt/airflow/dags/delta_vacuum_dynamic.py
[2026-03-14T13:17:05.045+0000] {logging_mixin.py:190} INFO - [2026-03-14T13:17:05.045+0000] {dag.py:3239} INFO - Sync 1 DAGs
[2026-03-14T13:17:05.077+0000] {logging_mixin.py:190} INFO - [2026-03-14T13:17:05.077+0000] {dag.py:4180} INFO - Setting next_dagrun for delta_vacuum_dynamic to 2026-03-08 00:00:00+00:00, run_after=2026-03-15 00:00:00+00:00
[2026-03-14T13:17:05.099+0000] {processor.py:208} INFO - Processing /opt/airflow/dags/delta_vacuum_dynamic.py took 0.122 seconds
[2026-03-14T13:17:35.650+0000] {processor.py:186} INFO - Started process (PID=1506) to work on /opt/airflow/dags/delta_vacuum_dynamic.py
[2026-03-14T13:17:35.660+0000] {processor.py:914} INFO - Processing file /opt/airflow/dags/delta_vacuum_dynamic.py for tasks to queue
[2026-03-14T13:17:35.691+0000] {logging_mixin.py:190} INFO - [2026-03-14T13:17:35.686+0000] {dagbag.py:588} INFO - Filling up the DagBag from /opt/airflow/dags/delta_vacuum_dynamic.py
[2026-03-14T13:17:35.934+0000] {processor.py:925} INFO - DAG(s) 'delta_vacuum_dynamic' retrieved from /opt/airflow/dags/delta_vacuum_dynamic.py
[2026-03-14T13:17:36.297+0000] {logging_mixin.py:190} INFO - [2026-03-14T13:17:36.295+0000] {dag.py:3239} INFO - Sync 1 DAGs
[2026-03-14T13:17:36.687+0000] {logging_mixin.py:190} INFO - [2026-03-14T13:17:36.685+0000] {dag.py:4180} INFO - Setting next_dagrun for delta_vacuum_dynamic to 2026-03-08 00:00:00+00:00, run_after=2026-03-15 00:00:00+00:00
[2026-03-14T13:17:36.886+0000] {processor.py:208} INFO - Processing /opt/airflow/dags/delta_vacuum_dynamic.py took 1.325 seconds
[2026-03-14T13:18:07.311+0000] {processor.py:186} INFO - Started process (PID=1517) to work on /opt/airflow/dags/delta_vacuum_dynamic.py
[2026-03-14T13:18:07.312+0000] {processor.py:914} INFO - Processing file /opt/airflow/dags/delta_vacuum_dynamic.py for tasks to queue
[2026-03-14T13:18:07.316+0000] {logging_mixin.py:190} INFO - [2026-03-14T13:18:07.315+0000] {dagbag.py:588} INFO - Filling up the DagBag from /opt/airflow/dags/delta_vacuum_dynamic.py
[2026-03-14T13:18:07.332+0000] {processor.py:925} INFO - DAG(s) 'delta_vacuum_dynamic' retrieved from /opt/airflow/dags/delta_vacuum_dynamic.py
[2026-03-14T13:18:07.373+0000] {logging_mixin.py:190} INFO - [2026-03-14T13:18:07.373+0000] {dag.py:3239} INFO - Sync 1 DAGs
[2026-03-14T13:18:07.408+0000] {logging_mixin.py:190} INFO - [2026-03-14T13:18:07.407+0000] {dag.py:4180} INFO - Setting next_dagrun for delta_vacuum_dynamic to 2026-03-08 00:00:00+00:00, run_after=2026-03-15 00:00:00+00:00
[2026-03-14T13:18:07.438+0000] {processor.py:208} INFO - Processing /opt/airflow/dags/delta_vacuum_dynamic.py took 0.135 seconds
[2026-03-14T13:18:37.618+0000] {processor.py:186} INFO - Started process (PID=1528) to work on /opt/airflow/dags/delta_vacuum_dynamic.py
[2026-03-14T13:18:37.628+0000] {processor.py:914} INFO - Processing file /opt/airflow/dags/delta_vacuum_dynamic.py for tasks to queue
[2026-03-14T13:18:37.633+0000] {logging_mixin.py:190} INFO - [2026-03-14T13:18:37.633+0000] {dagbag.py:588} INFO - Filling up the DagBag from /opt/airflow/dags/delta_vacuum_dynamic.py
[2026-03-14T13:18:37.651+0000] {processor.py:925} INFO - DAG(s) 'delta_vacuum_dynamic' retrieved from /opt/airflow/dags/delta_vacuum_dynamic.py
[2026-03-14T13:18:37.685+0000] {logging_mixin.py:190} INFO - [2026-03-14T13:18:37.684+0000] {dag.py:3239} INFO - Sync 1 DAGs
[2026-03-14T13:18:37.718+0000] {logging_mixin.py:190} INFO - [2026-03-14T13:18:37.717+0000] {dag.py:4180} INFO - Setting next_dagrun for delta_vacuum_dynamic to 2026-03-08 00:00:00+00:00, run_after=2026-03-15 00:00:00+00:00
[2026-03-14T13:18:37.739+0000] {processor.py:208} INFO - Processing /opt/airflow/dags/delta_vacuum_dynamic.py took 0.130 seconds
[2026-03-14T13:19:07.962+0000] {processor.py:186} INFO - Started process (PID=1539) to work on /opt/airflow/dags/delta_vacuum_dynamic.py
[2026-03-14T13:19:07.964+0000] {processor.py:914} INFO - Processing file /opt/airflow/dags/delta_vacuum_dynamic.py for tasks to queue
[2026-03-14T13:19:07.967+0000] {logging_mixin.py:190} INFO - [2026-03-14T13:19:07.966+0000] {dagbag.py:588} INFO - Filling up the DagBag from /opt/airflow/dags/delta_vacuum_dynamic.py
[2026-03-14T13:19:07.987+0000] {processor.py:925} INFO - DAG(s) 'delta_vacuum_dynamic' retrieved from /opt/airflow/dags/delta_vacuum_dynamic.py
[2026-03-14T13:19:08.036+0000] {logging_mixin.py:190} INFO - [2026-03-14T13:19:08.035+0000] {dag.py:3239} INFO - Sync 1 DAGs
[2026-03-14T13:19:08.079+0000] {logging_mixin.py:190} INFO - [2026-03-14T13:19:08.079+0000] {dag.py:4180} INFO - Setting next_dagrun for delta_vacuum_dynamic to 2026-03-08 00:00:00+00:00, run_after=2026-03-15 00:00:00+00:00
[2026-03-14T13:19:08.118+0000] {processor.py:208} INFO - Processing /opt/airflow/dags/delta_vacuum_dynamic.py took 0.164 seconds
[2026-03-14T13:19:38.278+0000] {processor.py:186} INFO - Started process (PID=1550) to work on /opt/airflow/dags/delta_vacuum_dynamic.py
[2026-03-14T13:19:38.289+0000] {processor.py:914} INFO - Processing file /opt/airflow/dags/delta_vacuum_dynamic.py for tasks to queue
[2026-03-14T13:19:38.293+0000] {logging_mixin.py:190} INFO - [2026-03-14T13:19:38.293+0000] {dagbag.py:588} INFO - Filling up the DagBag from /opt/airflow/dags/delta_vacuum_dynamic.py
[2026-03-14T13:19:38.314+0000] {processor.py:925} INFO - DAG(s) 'delta_vacuum_dynamic' retrieved from /opt/airflow/dags/delta_vacuum_dynamic.py
[2026-03-14T13:19:38.351+0000] {logging_mixin.py:190} INFO - [2026-03-14T13:19:38.351+0000] {dag.py:3239} INFO - Sync 1 DAGs
[2026-03-14T13:19:38.383+0000] {logging_mixin.py:190} INFO - [2026-03-14T13:19:38.383+0000] {dag.py:4180} INFO - Setting next_dagrun for delta_vacuum_dynamic to 2026-03-08 00:00:00+00:00, run_after=2026-03-15 00:00:00+00:00
[2026-03-14T13:19:38.406+0000] {processor.py:208} INFO - Processing /opt/airflow/dags/delta_vacuum_dynamic.py took 0.138 seconds
[2026-03-14T13:20:08.674+0000] {processor.py:186} INFO - Started process (PID=1561) to work on /opt/airflow/dags/delta_vacuum_dynamic.py
[2026-03-14T13:20:08.684+0000] {processor.py:914} INFO - Processing file /opt/airflow/dags/delta_vacuum_dynamic.py for tasks to queue
[2026-03-14T13:20:08.687+0000] {logging_mixin.py:190} INFO - [2026-03-14T13:20:08.686+0000] {dagbag.py:588} INFO - Filling up the DagBag from /opt/airflow/dags/delta_vacuum_dynamic.py
[2026-03-14T13:20:08.699+0000] {processor.py:925} INFO - DAG(s) 'delta_vacuum_dynamic' retrieved from /opt/airflow/dags/delta_vacuum_dynamic.py
[2026-03-14T13:20:08.733+0000] {logging_mixin.py:190} INFO - [2026-03-14T13:20:08.733+0000] {dag.py:3239} INFO - Sync 1 DAGs
[2026-03-14T13:20:08.764+0000] {logging_mixin.py:190} INFO - [2026-03-14T13:20:08.763+0000] {dag.py:4180} INFO - Setting next_dagrun for delta_vacuum_dynamic to 2026-03-08 00:00:00+00:00, run_after=2026-03-15 00:00:00+00:00
[2026-03-14T13:20:08.787+0000] {processor.py:208} INFO - Processing /opt/airflow/dags/delta_vacuum_dynamic.py took 0.123 seconds
[2026-03-14T13:20:38.989+0000] {processor.py:186} INFO - Started process (PID=1572) to work on /opt/airflow/dags/delta_vacuum_dynamic.py
[2026-03-14T13:20:38.990+0000] {processor.py:914} INFO - Processing file /opt/airflow/dags/delta_vacuum_dynamic.py for tasks to queue
[2026-03-14T13:20:38.992+0000] {logging_mixin.py:190} INFO - [2026-03-14T13:20:38.992+0000] {dagbag.py:588} INFO - Filling up the DagBag from /opt/airflow/dags/delta_vacuum_dynamic.py
[2026-03-14T13:20:39.005+0000] {processor.py:925} INFO - DAG(s) 'delta_vacuum_dynamic' retrieved from /opt/airflow/dags/delta_vacuum_dynamic.py
[2026-03-14T13:20:39.035+0000] {logging_mixin.py:190} INFO - [2026-03-14T13:20:39.035+0000] {dag.py:3239} INFO - Sync 1 DAGs
[2026-03-14T13:20:39.065+0000] {logging_mixin.py:190} INFO - [2026-03-14T13:20:39.065+0000] {dag.py:4180} INFO - Setting next_dagrun for delta_vacuum_dynamic to 2026-03-08 00:00:00+00:00, run_after=2026-03-15 00:00:00+00:00
[2026-03-14T13:20:39.085+0000] {processor.py:208} INFO - Processing /opt/airflow/dags/delta_vacuum_dynamic.py took 0.107 seconds
[2026-03-14T13:21:09.342+0000] {processor.py:186} INFO - Started process (PID=1583) to work on /opt/airflow/dags/delta_vacuum_dynamic.py
[2026-03-14T13:21:09.343+0000] {processor.py:914} INFO - Processing file /opt/airflow/dags/delta_vacuum_dynamic.py for tasks to queue
[2026-03-14T13:21:09.346+0000] {logging_mixin.py:190} INFO - [2026-03-14T13:21:09.346+0000] {dagbag.py:588} INFO - Filling up the DagBag from /opt/airflow/dags/delta_vacuum_dynamic.py
[2026-03-14T13:21:09.365+0000] {processor.py:925} INFO - DAG(s) 'delta_vacuum_dynamic' retrieved from /opt/airflow/dags/delta_vacuum_dynamic.py
[2026-03-14T13:21:09.413+0000] {logging_mixin.py:190} INFO - [2026-03-14T13:21:09.413+0000] {dag.py:3239} INFO - Sync 1 DAGs
[2026-03-14T13:21:09.457+0000] {logging_mixin.py:190} INFO - [2026-03-14T13:21:09.457+0000] {dag.py:4180} INFO - Setting next_dagrun for delta_vacuum_dynamic to 2026-03-08 00:00:00+00:00, run_after=2026-03-15 00:00:00+00:00
[2026-03-14T13:21:09.495+0000] {processor.py:208} INFO - Processing /opt/airflow/dags/delta_vacuum_dynamic.py took 0.162 seconds
[2026-03-14T13:21:39.664+0000] {processor.py:186} INFO - Started process (PID=1594) to work on /opt/airflow/dags/delta_vacuum_dynamic.py
[2026-03-14T13:21:39.666+0000] {processor.py:914} INFO - Processing file /opt/airflow/dags/delta_vacuum_dynamic.py for tasks to queue
[2026-03-14T13:21:39.670+0000] {logging_mixin.py:190} INFO - [2026-03-14T13:21:39.670+0000] {dagbag.py:588} INFO - Filling up the DagBag from /opt/airflow/dags/delta_vacuum_dynamic.py
[2026-03-14T13:21:39.683+0000] {processor.py:925} INFO - DAG(s) 'delta_vacuum_dynamic' retrieved from /opt/airflow/dags/delta_vacuum_dynamic.py
[2026-03-14T13:21:39.717+0000] {logging_mixin.py:190} INFO - [2026-03-14T13:21:39.717+0000] {dag.py:3239} INFO - Sync 1 DAGs
[2026-03-14T13:21:39.746+0000] {logging_mixin.py:190} INFO - [2026-03-14T13:21:39.745+0000] {dag.py:4180} INFO - Setting next_dagrun for delta_vacuum_dynamic to 2026-03-08 00:00:00+00:00, run_after=2026-03-15 00:00:00+00:00
[2026-03-14T13:21:39.778+0000] {processor.py:208} INFO - Processing /opt/airflow/dags/delta_vacuum_dynamic.py took 0.123 seconds
[2026-03-14T13:22:10.005+0000] {processor.py:186} INFO - Started process (PID=1605) to work on /opt/airflow/dags/delta_vacuum_dynamic.py
[2026-03-14T13:22:10.006+0000] {processor.py:914} INFO - Processing file /opt/airflow/dags/delta_vacuum_dynamic.py for tasks to queue
[2026-03-14T13:22:10.009+0000] {logging_mixin.py:190} INFO - [2026-03-14T13:22:10.009+0000] {dagbag.py:588} INFO - Filling up the DagBag from /opt/airflow/dags/delta_vacuum_dynamic.py
[2026-03-14T13:22:10.027+0000] {processor.py:925} INFO - DAG(s) 'delta_vacuum_dynamic' retrieved from /opt/airflow/dags/delta_vacuum_dynamic.py
[2026-03-14T13:22:10.080+0000] {logging_mixin.py:190} INFO - [2026-03-14T13:22:10.079+0000] {dag.py:3239} INFO - Sync 1 DAGs
[2026-03-14T13:22:10.139+0000] {logging_mixin.py:190} INFO - [2026-03-14T13:22:10.138+0000] {dag.py:4180} INFO - Setting next_dagrun for delta_vacuum_dynamic to 2026-03-08 00:00:00+00:00, run_after=2026-03-15 00:00:00+00:00
[2026-03-14T13:22:10.171+0000] {processor.py:208} INFO - Processing /opt/airflow/dags/delta_vacuum_dynamic.py took 0.172 seconds
